2026-02-28 00:57:12 | INFO     | ================================================================================
2026-02-28 00:57:12 | INFO     | PRODUCTION — BLADDER CANCER — Phase 1.3: Feature Ranking FINAL v2
2026-02-28 00:57:12 | INFO     | Timestamp: 2026-02-28 00:57:12
2026-02-28 00:57:12 | INFO     | Config: seed=42, cv=3, max_features=500, neg:pos=5:1
2026-02-28 00:57:12 | INFO     | ================================================================================
2026-02-28 00:57:12 | INFO     | 
📂 Loading input files...
2026-02-28 00:57:12 | INFO     |   ✅ pos_obs: 4,829 rows validated
2026-02-28 00:57:12 | INFO     |   ✅ neg_obs: 20,317 rows validated
2026-02-28 00:57:12 | INFO     |   ✅ pos_meds: 827 rows validated
2026-02-28 00:57:12 | INFO     |   ✅ neg_meds: 5,482 rows validated
2026-02-28 00:57:12 | INFO     |   ✅ Observation matrix found: /Users/keerthikovelamudi/Documents/Model B/Bladder_2/1_Top_Snomed/Scores/../Data/Bladder_patient_obs_matrix.csv
2026-02-28 00:57:17 | INFO     |      284,307 patients, 43,406 features
2026-02-28 00:57:17 | INFO     |   ✅ Medication matrix found: /Users/keerthikovelamudi/Documents/Model B/Bladder_2/1_Top_Snomed/Scores/../Data/Bladder_patient_meds_matrix.csv
2026-02-28 00:57:17 | INFO     |      212,617 patients, 13,483 features
2026-02-28 00:57:17 | INFO     | 
================================================================================
2026-02-28 00:57:17 | INFO     | PART 1: OBSERVATIONS
2026-02-28 00:57:17 | INFO     | ================================================================================
2026-02-28 00:57:17 | INFO     | 
============================================================
2026-02-28 00:57:17 | INFO     | STATISTICAL RANKING: observations
2026-02-28 00:57:17 | INFO     | ============================================================
2026-02-28 00:57:17 | INFO     |   Positive: 6,480 patients, 4,829 terms
2026-02-28 00:57:17 | INFO     |   Negative: 277,829 patients, 20,317 terms
2026-02-28 00:57:19 | INFO     |   After filter (>=5): 4,829 terms
2026-02-28 00:57:19 | INFO     |   OR > 2.0: 1905
2026-02-28 00:57:19 | INFO     |   OR > 5.0: 506
2026-02-28 00:57:19 | INFO     |   Significant (p<0.05): 2375
2026-02-28 00:57:19 | INFO     |   Bonferroni sig (p<0.05): 1005
2026-02-28 00:57:19 | INFO     | 
============================================================
2026-02-28 00:57:19 | INFO     | ML RANKING (Real Patient Data): observations
2026-02-28 00:57:19 | INFO     | ============================================================
2026-02-28 00:57:19 | INFO     |   Cohort: 5,197 pos + 25,985 neg (5:1)
2026-02-28 00:57:19 | INFO     |   Pivoting to wide format...
2026-02-28 00:57:20 | INFO     |   Matrix: 31,182 × 500
2026-02-28 00:57:20 | INFO     |   Balance: 5,197 pos (16.7%), 25,985 neg (83.3%)
2026-02-28 00:57:20 | INFO     |   Training L1 Logistic Regression...
2026-02-28 00:57:36 | INFO     |     AUROC: 0.8602 ± 0.0051 | Non-zero: 495 | 15.9s
2026-02-28 00:57:36 | INFO     |   Training Random Forest (200 trees)...
2026-02-28 00:57:38 | INFO     |     AUROC: 0.8481 ± 0.0041 | 2.1s
2026-02-28 00:57:38 | INFO     |   Training Gradient Boosting (150 trees)...
2026-02-28 00:58:02 | INFO     |     AUROC: 0.8652 ± 0.0031 | 23.9s
2026-02-28 00:58:02 | INFO     |   ✅ Complete: 42.7s total
2026-02-28 00:58:02 | INFO     |   Building combined ranking for observations...
2026-02-28 00:58:02 | INFO     |   Total: 4,829 | Both agree (top 150): 88
2026-02-28 00:58:02 | INFO     | 
📋 Top 20 Observations:
2026-02-28 00:58:02 | INFO     |   Rank   Type         Term                                             OR   CI_Lo   CI_Hi      p-val  StatR    MLR   Score Tier       Agree
2026-02-28 00:58:02 | INFO     |   ----------------------------------------------------------------------------------------------------------------------------------
2026-02-28 00:58:02 | INFO     |   1      observation  Fast track referral for suspected urologi     64.24   59.47   69.39   0.00e+00     61      1   0.871 Very High  ✅    
2026-02-28 00:58:02 | INFO     |   2      observation  TURBT - Transurethral resection of bladde    874.13  571.67 1336.64   0.00e+00     13      3   0.591 High       ✅    
2026-02-28 00:58:02 | INFO     |   3      observation  Haematuria                                    64.50   57.28   72.62   0.00e+00     60      2   0.545 High       ✅    
2026-02-28 00:58:02 | INFO     |   4      observation  Blood in urine                                84.70   74.86   95.84   0.00e+00     54      4   0.530 High       ✅    
2026-02-28 00:58:02 | INFO     |   5      observation  Frank haematuria                             127.33  108.64  149.23   0.00e+00     46      6   0.524 High       ✅    
2026-02-28 00:58:02 | INFO     |   6      observation  Seen in urology clinic                        17.95   16.89   19.08   0.00e+00    128      5   0.458 Medium     ✅    
2026-02-28 00:58:02 | INFO     |   7      observation  2 week rule referral - urology                51.07   46.29   56.35   0.00e+00     69      7   0.451 Medium     ✅    
2026-02-28 00:58:02 | INFO     |   8      observation  Blood in urine - haematuria                   57.57   49.92   66.38   0.00e+00     65      8   0.392 Medium     ✅    
2026-02-28 00:58:02 | INFO     |   9      observation  Suspected bladder cancer                     419.37  252.39  696.81   0.00e+00     41     13   0.360 Medium     ✅    
2026-02-28 00:58:02 | INFO     |   10     observation  Flexible cystoscopy                           71.43   60.84   83.87   0.00e+00     58     11   0.353 Medium     ✅    
2026-02-28 00:58:02 | INFO     |   11     observation  Urine blood test = +++                        22.80   20.85   24.93   0.00e+00    115      9   0.346 Medium     ✅    
2026-02-28 00:58:02 | INFO     |   12     observation  Cystoscopy abnormal                         2540.80  155.22 41589.03  6.08e-263      1     26   0.341 Medium     ✅    
2026-02-28 00:58:02 | INFO     |   13     observation  Cystoscopy and transurethral resection of   2281.35  139.01 37440.82  5.43e-235      2     28   0.335 Medium     ✅    
2026-02-28 00:58:02 | INFO     |   14     observation  Nephroureterectomy-unspecified              1935.79  117.41 31916.21  1.01e-197      4     22   0.334 Medium     ✅    
2026-02-28 00:58:02 | INFO     |   15     observation  Lesion of urinary bladder                   2194.92  133.61 36058.98  1.13e-225      3     27   0.334 Medium     ✅    
2026-02-28 00:58:02 | INFO     |   16     observation  Painless haematuria                           97.72   75.02  127.28   0.00e+00     51     12   0.327 Medium     ✅    
2026-02-28 00:58:02 | INFO     |   17     observation  Transitional cell neoplasm                  1332.10   79.69 22266.39  1.65e-132      7     25   0.318 Medium     ✅    
2026-02-28 00:58:02 | INFO     |   18     observation  Nephroureterectomy                          1332.10   79.69 22266.39  1.65e-132      6     36   0.311 Medium     ✅    
2026-02-28 00:58:02 | INFO     |   19     observation  Renal ultrasound abnormal                   1332.10   79.69 22266.39  1.65e-132      5     42   0.307 Medium     ✅    
2026-02-28 00:58:02 | INFO     |   20     observation  Bladder polyp                               1245.97   74.32 20889.89  3.41e-123      9     38   0.307 Medium     ✅    
2026-02-28 00:58:02 | INFO     |   💾 Saved: /Users/keerthikovelamudi/Documents/Model B/Bladder_2/1_Top_Snomed/Scores/output/Scores_2/bladder_obs_all.csv (4,829 rows)
2026-02-28 00:58:02 | INFO     |   💾 Saved: /Users/keerthikovelamudi/Documents/Model B/Bladder_2/1_Top_Snomed/Scores/output/Scores_2/bladder_obs_top150.csv (150 rows)
2026-02-28 00:58:02 | INFO     | 
================================================================================
2026-02-28 00:58:02 | INFO     | PART 2: MEDICATIONS
2026-02-28 00:58:02 | INFO     | ================================================================================
2026-02-28 00:58:02 | INFO     | 
============================================================
2026-02-28 00:58:02 | INFO     | STATISTICAL RANKING: medications
2026-02-28 00:58:02 | INFO     | ============================================================
2026-02-28 00:58:02 | INFO     |   Positive: 5,166 patients, 827 terms
2026-02-28 00:58:02 | INFO     |   Negative: 207,367 patients, 5,482 terms
2026-02-28 00:58:02 | INFO     |   After filter (>=5): 827 terms
2026-02-28 00:58:02 | INFO     |   OR > 2.0: 203
2026-02-28 00:58:02 | INFO     |   OR > 5.0: 61
2026-02-28 00:58:02 | INFO     |   Significant (p<0.05): 252
2026-02-28 00:58:02 | INFO     |   Bonferroni sig (p<0.05): 90
2026-02-28 00:58:02 | INFO     | 
============================================================
2026-02-28 00:58:02 | INFO     | ML RANKING (Real Patient Data): medications
2026-02-28 00:58:02 | INFO     | ============================================================
2026-02-28 00:58:02 | INFO     |   Cohort: 4,539 pos + 22,695 neg (5:1)
2026-02-28 00:58:02 | INFO     |   Pivoting to wide format...
2026-02-28 00:58:02 | INFO     |   Matrix: 27,234 × 500
2026-02-28 00:58:02 | INFO     |   Balance: 4,539 pos (16.7%), 22,695 neg (83.3%)
2026-02-28 00:58:02 | INFO     |   Training L1 Logistic Regression...
2026-02-28 00:58:25 | INFO     |     AUROC: 0.6793 ± 0.0056 | Non-zero: 498 | 22.3s
2026-02-28 00:58:25 | INFO     |   Training Random Forest (200 trees)...
2026-02-28 00:58:26 | INFO     |     AUROC: 0.6917 ± 0.0069 | 1.2s
2026-02-28 00:58:26 | INFO     |   Training Gradient Boosting (150 trees)...
2026-02-28 00:58:46 | INFO     |     AUROC: 0.6951 ± 0.0061 | 20.0s
2026-02-28 00:58:46 | INFO     |   ✅ Complete: 43.7s total
2026-02-28 00:58:46 | INFO     |   Building combined ranking for medications...
2026-02-28 00:58:46 | INFO     |   Total: 827 | Both agree (top 150): 78
2026-02-28 00:58:46 | INFO     | 
📋 Top 20 Medications:
2026-02-28 00:58:46 | INFO     |   Rank   Type         Term                                             OR   CI_Lo   CI_Hi      p-val  StatR    MLR   Score Tier       Agree
2026-02-28 00:58:46 | INFO     |   ----------------------------------------------------------------------------------------------------------------------------------
2026-02-28 00:58:46 | INFO     |   1      medication   Nitrofurantoin 100mg modified-release cap      5.72    5.30    6.17   0.00e+00     56      1   0.804 Very High  ✅    
2026-02-28 00:58:46 | INFO     |   2      medication   Trimethoprim 200mg tablets                     4.15    3.81    4.53  4.14e-262     71      2   0.558 High       ✅    
2026-02-28 00:58:46 | INFO     |   3      medication   Spikevax XBB.1.5 COVID-19 mRNA Vaccine 0.     10.64    9.14   12.39   0.00e+00     30      3   0.542 High       ✅    
2026-02-28 00:58:46 | INFO     |   4      medication   COVID-19 Vaccine VidPrevtyn Beta (CoV2 pr     24.03   18.80   30.72  7.23e-301     10      4   0.466 Medium     ✅    
2026-02-28 00:58:46 | INFO     |   5      medication   Prostap 3 DCS 11.25mg powder and solvent    1247.87   74.65 20858.96  3.57e-124      1     12   0.398 Medium     ✅    
2026-02-28 00:58:46 | INFO     |   6      medication   Decapeptyl SR 11.25mg powder and solvent     925.12   54.51 15701.83   2.75e-89      3     18   0.359 Medium     ✅    
2026-02-28 00:58:46 | INFO     |   7      medication   Abrysvo vaccine powder and solvent for so    844.51   49.48 14414.35   1.44e-80      4     15   0.354 Medium     ✅    
2026-02-28 00:58:46 | INFO     |   8      medication   Bicalutamide 50mg tablets                   1005.76   59.54 16990.09   5.23e-98      2     42   0.348 Medium     ✅    
2026-02-28 00:58:46 | INFO     |   9      medication   Pivmecillinam 200mg tablets                    6.87    5.93    7.96  1.76e-194     45      5   0.340 Medium     ✅    
2026-02-28 00:58:46 | INFO     |   10     medication   Hollister drainable night drainage bag 55    441.93   24.43 7993.66   4.87e-37      6     29   0.301 Medium     ✅    
2026-02-28 00:58:46 | INFO     |   11     medication   Leuprorelin 11.25mg powder and solvent fo    441.93   24.43 7993.66   4.87e-37      5     38   0.297 Medium     ✅    
2026-02-28 00:58:46 | INFO     |   12     medication   Tamsulosin 400microgram modified-release       3.50    3.03    4.05   2.13e-71     92      6   0.247 Medium     ✅    
2026-02-28 00:58:46 | INFO     |   13     medication   Spikevax JN.1 COVID-19 mRNA Vaccine 0.1mg      3.47    2.97    4.04   1.04e-62     94      7   0.224 Medium     ✅    
2026-02-28 00:58:46 | INFO     |   14     medication   Spirit One MT drainable night drainage ba     34.82   12.18   99.59   9.95e-21      8     25   0.207 Medium     ✅    
2026-02-28 00:58:46 | INFO     |   15     medication   Zoladex LA 10.8mg implant SafeSystem pre-     40.18   13.54  119.22   1.62e-22      7     71   0.195 Low        ✅    
2026-02-28 00:58:46 | INFO     |   16     medication   Cefalexin 500mg capsules                       3.57    3.03    4.22   6.51e-57     86      8   0.193 Low        ✅    
2026-02-28 00:58:46 | INFO     |   17     medication   Zostavax vaccine powder and solvent for s     16.82   10.16   27.84   1.05e-46     17     22   0.192 Low        ✅    
2026-02-28 00:58:46 | INFO     |   18     medication   Tranexamic acid 500mg tablets                 16.44    8.92   30.29   3.34e-30     19     23   0.185 Low        ✅    
2026-02-28 00:58:46 | INFO     |   19     medication   Prosys sterile leg bag with lever tap P50     19.35   11.11   33.71   1.43e-44     13     45   0.183 Low        ✅    
2026-02-28 00:58:46 | INFO     |   20     medication   Ugo fix catheter strap medium 3003 80cm (     34.82   12.18   99.59   9.95e-21      9    288   0.181 Low             
2026-02-28 00:58:46 | INFO     |   💾 Saved: /Users/keerthikovelamudi/Documents/Model B/Bladder_2/1_Top_Snomed/Scores/output/Scores_2/bladder_meds_all.csv (827 rows)
2026-02-28 00:58:46 | INFO     |   💾 Saved: /Users/keerthikovelamudi/Documents/Model B/Bladder_2/1_Top_Snomed/Scores/output/Scores_2/bladder_meds_top150.csv (150 rows)
2026-02-28 00:58:46 | INFO     | 
================================================================================
2026-02-28 00:58:46 | INFO     | PART 3: COMBINED (Observations + Medications)
2026-02-28 00:58:46 | INFO     | ================================================================================
2026-02-28 00:58:46 | INFO     | 
📋 Top 20 Combined Features:
2026-02-28 00:58:46 | INFO     |   Rank   Type         Term                                             OR   CI_Lo   CI_Hi      p-val  StatR    MLR   Score Tier       Agree
2026-02-28 00:58:46 | INFO     |   ----------------------------------------------------------------------------------------------------------------------------------
2026-02-28 00:58:46 | INFO     |   1      observation  Fast track referral for suspected urologi     64.24   59.47   69.39   0.00e+00     61      1   0.871 Very High  ✅    
2026-02-28 00:58:46 | INFO     |   2      medication   Nitrofurantoin 100mg modified-release cap      5.72    5.30    6.17   0.00e+00     56      1   0.629 High       ✅    
2026-02-28 00:58:46 | INFO     |   3      observation  TURBT - Transurethral resection of bladde    874.13  571.67 1336.64   0.00e+00     13      3   0.591 High       ✅    
2026-02-28 00:58:46 | INFO     |   4      observation  Haematuria                                    64.50   57.28   72.62   0.00e+00     60      2   0.545 High       ✅    
2026-02-28 00:58:46 | INFO     |   5      observation  Blood in urine                                84.70   74.86   95.84   0.00e+00     54      4   0.530 High       ✅    
2026-02-28 00:58:46 | INFO     |   6      observation  Frank haematuria                             127.33  108.64  149.23   0.00e+00     46      6   0.524 High       ✅    
2026-02-28 00:58:46 | INFO     |   7      medication   Trimethoprim 200mg tablets                     4.15    3.81    4.53  4.14e-262     71      2   0.482 Medium     ✅    
2026-02-28 00:58:46 | INFO     |   8      observation  Seen in urology clinic                        17.95   16.89   19.08   0.00e+00    128      5   0.458 Medium     ✅    
2026-02-28 00:58:46 | INFO     |   9      observation  2 week rule referral - urology                51.07   46.29   56.35   0.00e+00     69      7   0.451 Medium     ✅    
2026-02-28 00:58:46 | INFO     |   10     medication   Spikevax XBB.1.5 COVID-19 mRNA Vaccine 0.     10.64    9.14   12.39   0.00e+00     30      3   0.443 Medium     ✅    
2026-02-28 00:58:46 | INFO     |   11     observation  Blood in urine - haematuria                   57.57   49.92   66.38   0.00e+00     65      8   0.392 Medium     ✅    
2026-02-28 00:58:46 | INFO     |   12     medication   COVID-19 Vaccine VidPrevtyn Beta (CoV2 pr     24.03   18.80   30.72  7.23e-301     10      4   0.366 Medium     ✅    
2026-02-28 00:58:46 | INFO     |   13     observation  Suspected bladder cancer                     419.37  252.39  696.81   0.00e+00     41     13   0.360 Medium     ✅    
2026-02-28 00:58:46 | INFO     |   14     observation  Flexible cystoscopy                           71.43   60.84   83.87   0.00e+00     58     11   0.353 Medium     ✅    
2026-02-28 00:58:46 | INFO     |   15     observation  Urine blood test = +++                        22.80   20.85   24.93   0.00e+00    115      9   0.346 Medium     ✅    
2026-02-28 00:58:46 | INFO     |   16     observation  Cystoscopy abnormal                         2540.80  155.22 41589.03  6.08e-263      1     26   0.341 Medium     ✅    
2026-02-28 00:58:46 | INFO     |   17     observation  Cystoscopy and transurethral resection of   2281.35  139.01 37440.82  5.43e-235      2     28   0.335 Medium     ✅    
2026-02-28 00:58:46 | INFO     |   18     medication   Prostap 3 DCS 11.25mg powder and solvent    1247.87   74.65 20858.96  3.57e-124      1     12   0.335 Medium     ✅    
2026-02-28 00:58:46 | INFO     |   19     observation  Nephroureterectomy-unspecified              1935.79  117.41 31916.21  1.01e-197      4     22   0.334 Medium     ✅    
2026-02-28 00:58:46 | INFO     |   20     observation  Lesion of urinary bladder                   2194.92  133.61 36058.98  1.13e-225      3     27   0.334 Medium     ✅    
2026-02-28 00:58:46 | INFO     |   💾 Saved: /Users/keerthikovelamudi/Documents/Model B/Bladder_2/1_Top_Snomed/Scores/output/Scores_2/bladder_combined_all.csv (5,656 rows)
2026-02-28 00:58:46 | ERROR    | 
❌ FATAL: cannot safely cast non-equivalent object to int64
Traceback (most recent call last):
  File "/Users/keerthikovelamudi/Library/Python/3.9/lib/python/site-packages/pandas/core/arrays/integer.py", line 53, in _safe_cast
    return values.astype(dtype, casting="safe", copy=copy)
TypeError: Cannot cast array data from dtype('O') to dtype('int64') according to the rule 'safe'

The above exception was the direct cause of the following exception:

Traceback (most recent call last):
  File "/Users/keerthikovelamudi/Documents/Model B/Bladder_2/1_Top_Snomed/Scores/Scores_2.py", line 712, in <module>
    all_features, obs_full, meds_full = main()
  File "/Users/keerthikovelamudi/Documents/Model B/Bladder_2/1_Top_Snomed/Scores/Scores_2.py", line 644, in main
    save_csv(all_features, 'bladder_combined_top150.csv', top_n=CONFIG['top_n_output'])
  File "/Users/keerthikovelamudi/Documents/Model B/Bladder_2/1_Top_Snomed/Scores/Scores_2.py", line 156, in save_csv
    output = _format_csv_no_trailing_zeros(output)
  File "/Users/keerthikovelamudi/Documents/Model B/Bladder_2/1_Top_Snomed/Scores/Scores_2.py", line 149, in _format_csv_no_trailing_zeros
    out[col] = out[col].astype('Int64')
  File "/Users/keerthikovelamudi/Library/Python/3.9/lib/python/site-packages/pandas/core/generic.py", line 6665, in astype
    new_data = self._mgr.astype(dtype=dtype, copy=copy, errors=errors)
  File "/Users/keerthikovelamudi/Library/Python/3.9/lib/python/site-packages/pandas/core/internals/managers.py", line 449, in astype
    return self.apply(
  File "/Users/keerthikovelamudi/Library/Python/3.9/lib/python/site-packages/pandas/core/internals/managers.py", line 363, in apply
    applied = getattr(b, f)(**kwargs)
  File "/Users/keerthikovelamudi/Library/Python/3.9/lib/python/site-packages/pandas/core/internals/blocks.py", line 784, in astype
    new_values = astype_array_safe(values, dtype, copy=copy, errors=errors)
  File "/Users/keerthikovelamudi/Library/Python/3.9/lib/python/site-packages/pandas/core/dtypes/astype.py", line 237, in astype_array_safe
    new_values = astype_array(values, dtype, copy=copy)
  File "/Users/keerthikovelamudi/Library/Python/3.9/lib/python/site-packages/pandas/core/dtypes/astype.py", line 182, in astype_array
    values = _astype_nansafe(values, dtype, copy=copy)
  File "/Users/keerthikovelamudi/Library/Python/3.9/lib/python/site-packages/pandas/core/dtypes/astype.py", line 80, in _astype_nansafe
    return dtype.construct_array_type()._from_sequence(arr, dtype=dtype, copy=copy)
  File "/Users/keerthikovelamudi/Library/Python/3.9/lib/python/site-packages/pandas/core/arrays/masked.py", line 153, in _from_sequence
    values, mask = cls._coerce_to_array(scalars, dtype=dtype, copy=copy)
  File "/Users/keerthikovelamudi/Library/Python/3.9/lib/python/site-packages/pandas/core/arrays/numeric.py", line 272, in _coerce_to_array
    values, mask, _, _ = _coerce_to_data_and_mask(
  File "/Users/keerthikovelamudi/Library/Python/3.9/lib/python/site-packages/pandas/core/arrays/numeric.py", line 229, in _coerce_to_data_and_mask
    values = dtype_cls._safe_cast(values, dtype, copy=False)
  File "/Users/keerthikovelamudi/Library/Python/3.9/lib/python/site-packages/pandas/core/arrays/integer.py", line 59, in _safe_cast
    raise TypeError(
TypeError: cannot safely cast non-equivalent object to int64
