======================================================================
LOADING DATA
======================================================================
Clinical: 14,368,514 rows
Meds:     216,090 rows
Dropped 0 meds-only rows

======================================================================
BUILDING MASTER PATIENT TABLE
======================================================================
Master: 235,626 patients
  Cancer:     6,319
  Non-cancer: 229,307
Observations:  385,883
Lab values:    6,964,238
Risk factors:  4,111,197
Comorbidities: 2,907,196

======================================================================
LEVEL 1: DEMOGRAPHICS
======================================================================
  Demographics: 9 features
  Patients: 235,626  |  Records: — (demographics)

======================================================================
LEVEL 2: OBSERVATION FEATURES
======================================================================
  Observation features: 382 features
  Patients: 79,698  |  Records: 385,883

======================================================================
LEVEL 3: HAEMATURIA DEEP FEATURES
======================================================================
  Haematuria features: 19 features
  Patients: 3,741  |  Records: 8,446

======================================================================
LEVEL 4: URINE FEATURES
======================================================================
  Urine features: 28 features
  Patients: 34,705  |  Records: 191,251

======================================================================
LEVEL 5: LUTS FEATURES
======================================================================
  LUTS features: 14 features
  Patients: 1,401  |  Records: 2,271

======================================================================
LEVEL 6: CATHETER / IMAGING / UROLOGICAL / GYNAECOLOGICAL
======================================================================
  Other obs features: 40 features
  Patients: 3,970  |  Records: 7,589

======================================================================
LEVEL 7: RISK FACTORS
======================================================================
  Risk factor features: 45 features
  Patients: 227,890  |  Records: 4,111,197

======================================================================
LEVEL 8: COMORBIDITIES
======================================================================
  Comorbidity features: 63 features
  Patients: 148,460  |  Records: 2,907,196

======================================================================
LEVEL 9: LAB VALUES
======================================================================
  Lab features: 471 features
  Patients: 192,189  |  Records: 6,964,238

======================================================================
LEVEL 10: MEDICATION FEATURES
======================================================================
  Medication features: 258 features
  Patients: 74,494  |  Records: 216,090

======================================================================
LEVEL 11: TEMPORAL PATTERNS
======================================================================
  Temporal features: 48 features
  Patients: 196,225  |  Records: 7,350,121

======================================================================
LEVEL 12: EVENT CLUSTERING
======================================================================
  Clustering features: 4 features
  Patients: 196,225  |  Records: 7,350,121

======================================================================
LEVEL 13: NEW OBS CATEGORIES (v4)
======================================================================
  New obs features: 103 features
  Patients: 57,968  |  Records: 176,326

======================================================================
LEVEL 14: TEMPORAL SEQUENCES (v4 NEW)
======================================================================
  Sequence features: 16 features
  Patients: 79,698  |  Records: 385,883

======================================================================
LEVEL 15: SYNDROME SCORES (v4 NEW)
======================================================================
  Syndrome features: 23 features
  Patients: 235,626  |  Records: — (derived)

======================================================================
LEVEL 16: CLINICAL PATHWAYS
======================================================================
  Pathway features: 7 features
  Patients: 235,626  |  Records: — (derived)

======================================================================
MERGING ALL FEATURES
======================================================================
  Joining demo: 9 cols
  Joining obs: 382 cols
  Joining haem: 19 cols
  Joining urine: 28 cols
  Joining luts: 14 cols
  Joining other_obs: 40 cols
  Joining rf: 45 cols
  Joining comorb: 63 cols
  Joining lab: 471 cols
  Joining med: 258 cols
  Joining temp: 48 cols
  Joining cluster: 4 cols
  Joining new_obs: 103 cols
  Joining seq: 16 cols
  Joining syn: 23 cols
  Joining path: 7 cols

Merged shape: (235626, 1533)

======================================================================
LEVEL 17: INTERACTION FEATURES
======================================================================
  Interaction features: 39 features
  Patients: 235,626  |  Records: — (from merged matrix)

======================================================================
LEVEL 18: RATIO FEATURES
======================================================================
  Ratio features: 7 features
  Patients: 235,626  |  Records: — (from merged matrix)

======================================================================
EXTRA 1: Recency features...
======================================================================
  Recency features: 47

EXTRA 2: First occurrence + span features...
  First/Span features: 39

EXTRA 3: Cross-lab interaction features...
  Cross-lab features: 12

EXTRA 4: Symptom diversity features...
  Diversity features: 13

EXTRA 5: Lab-to-event timing features...
  Lab-timing features: 2

EXTRA 6: Consultation pattern features...
  Consultation features: 9

  TOTAL EXTRA FEATURES: 122

======================================================================
CLEANING UP
======================================================================

======================================================================
FINAL FEATURE MATRIX SUMMARY
======================================================================
Patients:             235,626
Total features:       1698
Cancer (label=1):     6,319
Non-cancer (label=0): 229,307
Ratio:                1:36.3

Feature groups:
  Demographics                  :    9 features
  Observations                  :  382 features
  Haematuria                    :   19 features
  Urine                         :   28 features
  LUTS                          :   14 features
  Cath/Img/Uro/Gynae/Oth        :   40 features
  Risk Factors                  :   45 features
  Comorbidities                 :   63 features
  Lab Values                    :  471 features
  Medications                   :  258 features
  Temporal                      :   48 features
  Clustering                    :    4 features
  New Obs (v4)                  :  103 features
  Sequences (v4)                :   16 features
  Syndromes (v4)                :   23 features
  Pathways                      :    7 features
  Interactions                  :   39 features
  Ratios                        :    7 features
  Recency (extra)               :   47 features
  First/Span (extra)            :   39 features
  Cross-lab XLAB (extra)        :   12 features
  Diversity (extra)             :   13 features
  Lab-timing (extra)            :    2 features
  Consultation (extra)          :    9 features

Top 15 features with most NaN (%):
MED_MEAN_DURATION                       100.0
SEQ_LUTS_TO_IMAGING_DAYS                100.0
SEQ_HAEM_TO_IMAGING_DAYS                 99.9
RECENCY_MED_HAEMOSTATIC_MONTHS           99.9
NOBS_SUPRAPUBIC_PAIN_FIRST_MONTHS        99.8
NOBS_SUPRAPUBIC_PAIN_LAST_MONTHS         99.8
NOBS_APPETITE_LOSS_FIRST_MONTHS          99.8
NOBS_APPETITE_LOSS_LAST_MONTHS           99.8
LAB_HBA1C_MAX_STEP                       99.8
LAB_HBA1C_IQR                            99.8
LAB_HBA1C_CV                             99.8
NOBS_NIGHT_SWEATS_FIRST_MONTHS           99.8
NOBS_NIGHT_SWEATS_LAST_MONTHS            99.8
RECENCY_UROLOGICAL_CONDITIONS_MONTHS     99.7
FIRST_UROLOGICAL_CONDITIONS_MONTHS       99.7
dtype: float64

Top 15 most-zero features (%):
MED_CATHETER_SUPPLIES__VALVES_TOTAL_DURATION       100.0
MED_LUTS_MEDICATIONS_TOTAL_DURATION                100.0
RF_ALC_EXCESS_FLAG                                 100.0
MED_URINARY_RETENTION_DRUGS_TOTAL_DURATION         100.0
RF_ALC_COUNSELLING                                 100.0
RF_ALC_TYPE_RECORDED                               100.0
MED_CATHETER_MAINTENANCE_TOTAL_DURATION            100.0
MED_UTI_ANTIBIOTICS_TOTAL_DURATION                 100.0
MED_LAXATIVES_TOTAL_DURATION                       100.0
MED_OPIOID_ANALGESICS_TOTAL_DURATION               100.0
INT_PSA_HIGH_AND_LUTS                              100.0
MED_UTI_AB_TOTAL_DURATION                          100.0
MED_TOTAL_DURATION                                 100.0
MED_CATHETER_SUPPLIES__CATHETERS_TOTAL_DURATION    100.0
MED_WOUND_STOMA_CARE_TOTAL_DURATION                100.0
dtype: float64

======================================================================
SAVING
======================================================================
Feature matrix saved to: /Users/keerthikovelamudi/Documents/Model B/Bladder_3/2_Feature_Engineering/FE_Results/12mo_250k/bladder_feature_matrix_12mo_250k.csv
  Shape: (235626, 1699)
Meta saved to: /Users/keerthikovelamudi/Documents/Model B/Bladder_3/2_Feature_Engineering/FE_Results/12mo_250k/bladder_feature_meta_12mo_250k.csv
Feature list saved to: /Users/keerthikovelamudi/Documents/Model B/Bladder_3/2_Feature_Engineering/FE_Results/12mo_250k/bladder_feature_list_12mo_250k.txt
Log saved to: /Users/keerthikovelamudi/Documents/Model B/Bladder_3/2_Feature_Engineering/FE_Results/12mo_250k/feature_engineering_20260305_104632.log

======================================================================
FEATURE ENGINEERING v4 FINAL COMPLETE ✅
  235,626 patients × 1698 features
  YOUR ORIGINAL v2: Levels 1-12 (all preserved)
  NEW v4 ADDITIONS: Levels 13-18
======================================================================
